Using pre-set license

 COMMAND LINE ARGUMENTS:
/Users/Jeff/Documents/2021.1.6f1/Unity.app/Contents/MacOS/Unity
-adb2
-batchMode
-noUpm
-name
AssetImportWorker0
-projectPath
/Users/Jeff/Documents/GitHub/Lighting
-logFile
Logs/AssetImportWorker0.log
-srvPort
61588
Successfully changed project path to: /Users/Jeff/Documents/GitHub/Lighting
/Users/Jeff/Documents/GitHub/Lighting
Using Asset Import Pipeline V2.
Refreshing native plugins compatible for Editor in 110.31 ms, found 1 plugins.
Preloading 0 native plugins for Editor in 0.00 ms.
Initialize engine version: 2021.1.6f1 (c0fade0cc7e9)
[Subsystems] Discovering subsystems at path /Users/Jeff/Documents/2021.1.6f1/Unity.app/Contents/Resources/UnitySubsystems
[Subsystems] Discovering subsystems at path /Users/Jeff/Documents/GitHub/Lighting/Assets
GfxDevice: creating device client; threaded=0; jobified=0
2021-06-02 16:23:48.371 Unity[12909:588845] Color LCD preferred device: NVIDIA GeForce GT 650M (high power)
2021-06-02 16:23:48.371 Unity[12909:588845] Metal devices available: 2
2021-06-02 16:23:48.371 Unity[12909:588845] 0: NVIDIA GeForce GT 650M (high power)
2021-06-02 16:23:48.371 Unity[12909:588845] 1: Intel HD Graphics 4000 (low power)
2021-06-02 16:23:48.372 Unity[12909:588845] Using device NVIDIA GeForce GT 650M (high power)
Initializing Metal device caps: NVIDIA GeForce GT 650M
Initialize mono
Mono path[0] = '/Users/Jeff/Documents/2021.1.6f1/Unity.app/Contents/Managed'
Mono path[1] = '/Users/Jeff/Documents/2021.1.6f1/Unity.app/Contents/MonoBleedingEdge/lib/mono/unityjit'
Mono config path = '/Users/Jeff/Documents/2021.1.6f1/Unity.app/Contents/MonoBleedingEdge/etc'
Using monoOptions --debugger-agent=transport=dt_socket,embedding=1,server=y,suspend=n,address=127.0.0.1:56909
Begin MonoManager ReloadAssembly
Registering precompiled unity dll's ...
Register platform support module: /Users/Jeff/Documents/2021.1.6f1/PlaybackEngines/WebGLSupport/UnityEditor.WebGL.Extensions.dll
Register platform support module: /Users/Jeff/Documents/2021.1.6f1/Unity.app/Contents/PlaybackEngines/MacStandaloneSupport/UnityEditor.OSXStandalone.Extensions.dll
Registered in 0.001084 seconds.
Native extension for OSXStandalone target not found
Native extension for WebGL target not found
Refreshing native plugins compatible for Editor in 113.98 ms, found 1 plugins.
Preloading 0 native plugins for Editor in 0.00 ms.
Mono: successfully reloaded assembly
- Completed reload, in  5.416 seconds
Platform modules already initialized, skipping
Registering precompiled user dll's ...
Registered in 0.002180 seconds.
Begin MonoManager ReloadAssembly
Native extension for OSXStandalone target not found
Native extension for WebGL target not found
Refreshing native plugins compatible for Editor in 0.60 ms, found 1 plugins.
Preloading 0 native plugins for Editor in 0.00 ms.
Mono: successfully reloaded assembly
- Completed reload, in  1.865 seconds
Platform modules already initialized, skipping
========================================================================
Worker process is ready to serve import requests
Launching external process: /Users/Jeff/Documents/2021.1.6f1/Unity.app/Contents/Tools/UnityShaderCompiler
Launched and connected shader compiler UnityShaderCompiler after 0.02 seconds
Refreshing native plugins compatible for Editor in 0.63 ms, found 1 plugins.
Preloading 0 native plugins for Editor in 0.00 ms.
Unloading 2665 Unused Serialized files (Serialized files now loaded: 0)
System memory in use before: 169.5 MB.
System memory in use after: 169.6 MB.

Unloading 15 unused Assets to reduce memory usage. Loaded Objects now: 3117.
Total: 3.191167 ms (FindLiveObjects: 0.361417 ms CreateObjectMapping: 0.265864 ms MarkObjects: 2.465766 ms  DeleteObjects: 0.096541 ms)

========================================================================
Received Import Request.
  path: Assets/Scenes/SampleScene.unity
  artifactKey: Guid(9fc0d4010bbf28b4594072e72b8655ab) Importer(815301076,1909f56bfc062723c751e8b465ee728b)
Start importing Assets/Scenes/SampleScene.unity using Guid(9fc0d4010bbf28b4594072e72b8655ab) Importer(815301076,1909f56bfc062723c751e8b465ee728b)  -> (artifact id: '85059f4f9e1a832ed95adaa0d25c5c4c') in 0.017027 seconds 
========================================================================
Received Import Request.
  Time since last request: 155.465716 seconds.
  path: Assets/Scenes/SampleScene.unity
  artifactKey: Guid(9fc0d4010bbf28b4594072e72b8655ab) Importer(2089858483,934ff659095e30574adcf32a4c2f97b5)
Start importing Assets/Scenes/SampleScene.unity using Guid(9fc0d4010bbf28b4594072e72b8655ab) Importer(2089858483,934ff659095e30574adcf32a4c2f97b5)  -> (artifact id: '9f75dc33a277e8a81a162d0916cd2080') in 0.095083 seconds 
========================================================================
Received Import Request.
  Time since last request: 2793.699580 seconds.
  path: Assets/MainScene.unity
  artifactKey: Guid(cc71048232ac6410db23555d702c6c54) Importer(2089858483,934ff659095e30574adcf32a4c2f97b5)
Start importing Assets/MainScene.unity using Guid(cc71048232ac6410db23555d702c6c54) Importer(2089858483,934ff659095e30574adcf32a4c2f97b5)  -> (artifact id: '7daa2764c02b23d27cb0c6c2b1b6e411') in 0.006413 seconds 
========================================================================
Received Import Request.
  Time since last request: 8.485580 seconds.
  path: Assets/MainScene.unity
  artifactKey: Guid(cc71048232ac6410db23555d702c6c54) Importer(815301076,1909f56bfc062723c751e8b465ee728b)
Start importing Assets/MainScene.unity using Guid(cc71048232ac6410db23555d702c6c54) Importer(815301076,1909f56bfc062723c751e8b465ee728b)  -> (artifact id: '2c5e8326a770f72fa0a3ecfe957e1f35') in 0.003340 seconds 
========================================================================
Received Import Request.
  Time since last request: 5.108806 seconds.
  path: Assets
  artifactKey: Guid(00000000000000001000000000000000) Importer(815301076,1909f56bfc062723c751e8b465ee728b)
Start importing Assets using Guid(00000000000000001000000000000000) Importer(815301076,1909f56bfc062723c751e8b465ee728b)  -> (artifact id: '42d402b061de3733987d63b9cc3b64de') in 0.001643 seconds 
========================================================================
Received Import Request.
  Time since last request: 7.617934 seconds.
  path: Assets/Prefabs
  artifactKey: Guid(6782ffb99d9c14d7cbe843d6840da02a) Importer(815301076,1909f56bfc062723c751e8b465ee728b)
Start importing Assets/Prefabs using Guid(6782ffb99d9c14d7cbe843d6840da02a) Importer(815301076,1909f56bfc062723c751e8b465ee728b)  -> (artifact id: '14811686a0c09c52c140e44f7cd3ceb2') in 0.002205 seconds 
========================================================================
Received Import Request.
  Time since last request: 0.958883 seconds.
  path: Assets/Prefabs
  artifactKey: Guid(6782ffb99d9c14d7cbe843d6840da02a) Importer(2089858483,934ff659095e30574adcf32a4c2f97b5)
Start importing Assets/Prefabs using Guid(6782ffb99d9c14d7cbe843d6840da02a) Importer(2089858483,934ff659095e30574adcf32a4c2f97b5)  -> (artifact id: 'e438a1ddc6971879a4f4d9eefcb08869') in 0.006688 seconds 
========================================================================
Received Import Request.
  Time since last request: 255.992122 seconds.
  path: Assets/LightScript.cs
  artifactKey: Guid(d78a31f74701f40469582d730685a595) Importer(2089858483,934ff659095e30574adcf32a4c2f97b5)
Start importing Assets/LightScript.cs using Guid(d78a31f74701f40469582d730685a595) Importer(2089858483,934ff659095e30574adcf32a4c2f97b5)  -> (artifact id: '095903d8699b522284e076791f62b94a') in 0.445058 seconds 
========================================================================
Received Prepare
Registering precompiled user dll's ...
Registered in 0.002032 seconds.
Begin MonoManager ReloadAssembly
Native extension for OSXStandalone target not found
Native extension for WebGL target not found
Refreshing native plugins compatible for Editor in 0.61 ms, found 1 plugins.
Preloading 0 native plugins for Editor in 0.00 ms.
Mono: successfully reloaded assembly
- Completed reload, in  1.516 seconds
Platform modules already initialized, skipping
Refreshing native plugins compatible for Editor in 0.61 ms, found 1 plugins.
Preloading 0 native plugins for Editor in 0.00 ms.
Unloading 2661 Unused Serialized files (Serialized files now loaded: 0)
System memory in use before: 174.2 MB.
System memory in use after: 174.4 MB.

Unloading 10 unused Assets to reduce memory usage. Loaded Objects now: 3121.
Total: 2.552812 ms (FindLiveObjects: 0.241098 ms CreateObjectMapping: 0.119756 ms MarkObjects: 2.119247 ms  DeleteObjects: 0.070979 ms)

========================================================================
Received Import Request.
  Time since last request: 3645.837042 seconds.
  path: Assets/LightScript.cs
  artifactKey: Guid(d78a31f74701f40469582d730685a595) Importer(815301076,1909f56bfc062723c751e8b465ee728b)
Start importing Assets/LightScript.cs using Guid(d78a31f74701f40469582d730685a595) Importer(815301076,1909f56bfc062723c751e8b465ee728b)  -> (artifact id: '00b7e4e73e7dd442abe188e7e2c98b23') in 0.007740 seconds 
========================================================================
Received Import Request.
  Time since last request: 3399.992346 seconds.
  path: Assets/LightScript.cs
  artifactKey: Guid(d78a31f74701f40469582d730685a595) Importer(815301076,1909f56bfc062723c751e8b465ee728b)
Start importing Assets/LightScript.cs using Guid(d78a31f74701f40469582d730685a595) Importer(815301076,1909f56bfc062723c751e8b465ee728b)  -> (artifact id: '46f682fff18e667cbbe443adfa420bd1') in 0.002164 seconds 
========================================================================
Received Prepare
Registering precompiled user dll's ...
Registered in 0.006639 seconds.
Begin MonoManager ReloadAssembly
Native extension for OSXStandalone target not found
Native extension for WebGL target not found
Refreshing native plugins compatible for Editor in 0.58 ms, found 1 plugins.
Preloading 0 native plugins for Editor in 0.00 ms.
Mono: successfully reloaded assembly
- Completed reload, in  1.566 seconds
Platform modules already initialized, skipping
Refreshing native plugins compatible for Editor in 0.61 ms, found 1 plugins.
Preloading 0 native plugins for Editor in 0.00 ms.
Unloading 2661 Unused Serialized files (Serialized files now loaded: 0)
System memory in use before: 174.4 MB.
System memory in use after: 174.6 MB.

Unloading 10 unused Assets to reduce memory usage. Loaded Objects now: 3124.
Total: 2.753873 ms (FindLiveObjects: 0.231048 ms CreateObjectMapping: 0.119716 ms MarkObjects: 2.337578 ms  DeleteObjects: 0.064090 ms)

========================================================================
Received Prepare
Registering precompiled user dll's ...
Registered in 0.004774 seconds.
Begin MonoManager ReloadAssembly
Native extension for OSXStandalone target not found
Native extension for WebGL target not found
Refreshing native plugins compatible for Editor in 0.61 ms, found 1 plugins.
Preloading 0 native plugins for Editor in 0.00 ms.
Mono: successfully reloaded assembly
- Completed reload, in  1.823 seconds
Platform modules already initialized, skipping
Refreshing native plugins compatible for Editor in 0.66 ms, found 1 plugins.
Preloading 0 native plugins for Editor in 0.00 ms.
Unloading 2661 Unused Serialized files (Serialized files now loaded: 0)
System memory in use before: 174.6 MB.
System memory in use after: 174.8 MB.

Unloading 10 unused Assets to reduce memory usage. Loaded Objects now: 3127.
Total: 3.313831 ms (FindLiveObjects: 0.392487 ms CreateObjectMapping: 0.276313 ms MarkObjects: 2.552586 ms  DeleteObjects: 0.090910 ms)

========================================================================
Received Prepare
Registering precompiled user dll's ...
Registered in 0.005813 seconds.
Begin MonoManager ReloadAssembly
Native extension for OSXStandalone target not found
Native extension for WebGL target not found
Refreshing native plugins compatible for Editor in 0.66 ms, found 1 plugins.
Preloading 0 native plugins for Editor in 0.00 ms.
Mono: successfully reloaded assembly
- Completed reload, in  1.806 seconds
Platform modules already initialized, skipping
Refreshing native plugins compatible for Editor in 0.76 ms, found 1 plugins.
Preloading 0 native plugins for Editor in 0.00 ms.
Unloading 2661 Unused Serialized files (Serialized files now loaded: 0)
System memory in use before: 174.8 MB.
System memory in use after: 175.0 MB.

Unloading 10 unused Assets to reduce memory usage. Loaded Objects now: 3130.
Total: 4.120346 ms (FindLiveObjects: 0.270303 ms CreateObjectMapping: 0.155386 ms MarkObjects: 3.610062 ms  DeleteObjects: 0.082234 ms)

========================================================================
Received Prepare
Registering precompiled user dll's ...
Registered in 0.002203 seconds.
Begin MonoManager ReloadAssembly
Native extension for OSXStandalone target not found
Native extension for WebGL target not found
Refreshing native plugins compatible for Editor in 0.63 ms, found 1 plugins.
Preloading 0 native plugins for Editor in 0.00 ms.
Mono: successfully reloaded assembly
- Completed reload, in  1.718 seconds
Platform modules already initialized, skipping
Refreshing native plugins compatible for Editor in 0.64 ms, found 1 plugins.
Preloading 0 native plugins for Editor in 0.00 ms.
Unloading 2661 Unused Serialized files (Serialized files now loaded: 0)
System memory in use before: 175.0 MB.
System memory in use after: 175.2 MB.

Unloading 10 unused Assets to reduce memory usage. Loaded Objects now: 3133.
Total: 3.819981 ms (FindLiveObjects: 0.479705 ms CreateObjectMapping: 0.298397 ms MarkObjects: 2.943874 ms  DeleteObjects: 0.095082 ms)

========================================================================
Received Prepare
Registering precompiled user dll's ...
Registered in 0.002298 seconds.
Begin MonoManager ReloadAssembly
Native extension for OSXStandalone target not found
Native extension for WebGL target not found
Refreshing native plugins compatible for Editor in 0.62 ms, found 1 plugins.
Preloading 0 native plugins for Editor in 0.00 ms.
Mono: successfully reloaded assembly
- Completed reload, in  1.726 seconds
Platform modules already initialized, skipping
Refreshing native plugins compatible for Editor in 0.63 ms, found 1 plugins.
Preloading 0 native plugins for Editor in 0.00 ms.
Unloading 2661 Unused Serialized files (Serialized files now loaded: 0)
System memory in use before: 175.2 MB.
System memory in use after: 175.4 MB.

Unloading 10 unused Assets to reduce memory usage. Loaded Objects now: 3136.
Total: 2.932012 ms (FindLiveObjects: 0.277411 ms CreateObjectMapping: 0.136952 ms MarkObjects: 2.440424 ms  DeleteObjects: 0.075409 ms)

========================================================================
Received Prepare
Registering precompiled user dll's ...
Registered in 0.002397 seconds.
Begin MonoManager ReloadAssembly
Native extension for OSXStandalone target not found
Native extension for WebGL target not found
Refreshing native plugins compatible for Editor in 0.60 ms, found 1 plugins.
Preloading 0 native plugins for Editor in 0.00 ms.
Mono: successfully reloaded assembly
- Completed reload, in  1.697 seconds
Platform modules already initialized, skipping
Refreshing native plugins compatible for Editor in 0.64 ms, found 1 plugins.
Preloading 0 native plugins for Editor in 0.00 ms.
Unloading 2661 Unused Serialized files (Serialized files now loaded: 0)
System memory in use before: 175.4 MB.
System memory in use after: 175.6 MB.

Unloading 10 unused Assets to reduce memory usage. Loaded Objects now: 3139.
Total: 3.910182 ms (FindLiveObjects: 0.374130 ms CreateObjectMapping: 0.269372 ms MarkObjects: 3.194315 ms  DeleteObjects: 0.070409 ms)

========================================================================
Received Prepare
Registering precompiled user dll's ...
Registered in 0.002408 seconds.
Begin MonoManager ReloadAssembly
Native extension for OSXStandalone target not found
Native extension for WebGL target not found
Refreshing native plugins compatible for Editor in 0.61 ms, found 1 plugins.
Preloading 0 native plugins for Editor in 0.00 ms.
Mono: successfully reloaded assembly
- Completed reload, in  1.826 seconds
Platform modules already initialized, skipping
Refreshing native plugins compatible for Editor in 0.61 ms, found 1 plugins.
Preloading 0 native plugins for Editor in 0.00 ms.
Unloading 2661 Unused Serialized files (Serialized files now loaded: 0)
System memory in use before: 175.6 MB.
System memory in use after: 175.8 MB.

Unloading 10 unused Assets to reduce memory usage. Loaded Objects now: 3142.
Total: 2.907537 ms (FindLiveObjects: 0.341649 ms CreateObjectMapping: 0.206350 ms MarkObjects: 2.293361 ms  DeleteObjects: 0.064813 ms)

========================================================================
Received Prepare
Registering precompiled user dll's ...
Registered in 0.002062 seconds.
Begin MonoManager ReloadAssembly
Native extension for OSXStandalone target not found
Native extension for WebGL target not found
Refreshing native plugins compatible for Editor in 0.66 ms, found 1 plugins.
Preloading 0 native plugins for Editor in 0.00 ms.
Mono: successfully reloaded assembly
- Completed reload, in  1.702 seconds
Platform modules already initialized, skipping
Refreshing native plugins compatible for Editor in 0.65 ms, found 1 plugins.
Preloading 0 native plugins for Editor in 0.00 ms.
Unloading 2661 Unused Serialized files (Serialized files now loaded: 0)
System memory in use before: 175.7 MB.
System memory in use after: 175.9 MB.

Unloading 10 unused Assets to reduce memory usage. Loaded Objects now: 3145.
Total: 2.875058 ms (FindLiveObjects: 0.296199 ms CreateObjectMapping: 0.141795 ms MarkObjects: 2.365839 ms  DeleteObjects: 0.069398 ms)

========================================================================
Received Prepare
Registering precompiled user dll's ...
Registered in 0.002328 seconds.
Begin MonoManager ReloadAssembly
Native extension for OSXStandalone target not found
Native extension for WebGL target not found
Refreshing native plugins compatible for Editor in 0.60 ms, found 1 plugins.
Preloading 0 native plugins for Editor in 0.00 ms.
Mono: successfully reloaded assembly
- Completed reload, in  1.750 seconds
Platform modules already initialized, skipping
Refreshing native plugins compatible for Editor in 1.16 ms, found 1 plugins.
Preloading 0 native plugins for Editor in 0.00 ms.
Unloading 2661 Unused Serialized files (Serialized files now loaded: 0)
System memory in use before: 175.9 MB.
System memory in use after: 176.1 MB.

Unloading 10 unused Assets to reduce memory usage. Loaded Objects now: 3148.
Total: 3.238795 ms (FindLiveObjects: 0.352598 ms CreateObjectMapping: 0.200173 ms MarkObjects: 2.615672 ms  DeleteObjects: 0.067675 ms)

========================================================================
Received Prepare
Registering precompiled user dll's ...
Registered in 0.002373 seconds.
Begin MonoManager ReloadAssembly
Native extension for OSXStandalone target not found
Native extension for WebGL target not found
Refreshing native plugins compatible for Editor in 0.63 ms, found 1 plugins.
Preloading 0 native plugins for Editor in 0.00 ms.
Mono: successfully reloaded assembly
- Completed reload, in  1.902 seconds
Platform modules already initialized, skipping
Refreshing native plugins compatible for Editor in 0.62 ms, found 1 plugins.
Preloading 0 native plugins for Editor in 0.00 ms.
Unloading 2661 Unused Serialized files (Serialized files now loaded: 0)
System memory in use before: 176.1 MB.
System memory in use after: 176.3 MB.

Unloading 10 unused Assets to reduce memory usage. Loaded Objects now: 3151.
Total: 2.876526 ms (FindLiveObjects: 0.255663 ms CreateObjectMapping: 0.124236 ms MarkObjects: 2.423041 ms  DeleteObjects: 0.071275 ms)

========================================================================
Received Prepare
Registering precompiled user dll's ...
Registered in 0.002086 seconds.
Begin MonoManager ReloadAssembly
Native extension for OSXStandalone target not found
Native extension for WebGL target not found
Refreshing native plugins compatible for Editor in 0.64 ms, found 1 plugins.
Preloading 0 native plugins for Editor in 0.00 ms.
Mono: successfully reloaded assembly
- Completed reload, in  1.715 seconds
Platform modules already initialized, skipping
Refreshing native plugins compatible for Editor in 0.64 ms, found 1 plugins.
Preloading 0 native plugins for Editor in 0.00 ms.
Unloading 2661 Unused Serialized files (Serialized files now loaded: 0)
System memory in use before: 176.3 MB.
System memory in use after: 176.5 MB.

Unloading 10 unused Assets to reduce memory usage. Loaded Objects now: 3154.
Total: 3.443530 ms (FindLiveObjects: 0.487502 ms CreateObjectMapping: 0.305847 ms MarkObjects: 2.580636 ms  DeleteObjects: 0.067800 ms)

========================================================================
Received Prepare
Registering precompiled user dll's ...
Registered in 0.002035 seconds.
Begin MonoManager ReloadAssembly
Native extension for OSXStandalone target not found
Native extension for WebGL target not found
Refreshing native plugins compatible for Editor in 0.62 ms, found 1 plugins.
Preloading 0 native plugins for Editor in 0.00 ms.
Mono: successfully reloaded assembly
- Completed reload, in  1.951 seconds
Platform modules already initialized, skipping
Refreshing native plugins compatible for Editor in 1.04 ms, found 1 plugins.
Preloading 0 native plugins for Editor in 0.00 ms.
Unloading 2661 Unused Serialized files (Serialized files now loaded: 0)
System memory in use before: 176.5 MB.
System memory in use after: 176.7 MB.

Unloading 10 unused Assets to reduce memory usage. Loaded Objects now: 3157.
Total: 2.909384 ms (FindLiveObjects: 0.328591 ms CreateObjectMapping: 0.132783 ms MarkObjects: 2.371988 ms  DeleteObjects: 0.074297 ms)

========================================================================
Received Prepare
Registering precompiled user dll's ...
Registered in 0.002078 seconds.
Begin MonoManager ReloadAssembly
Native extension for OSXStandalone target not found
Native extension for WebGL target not found
Refreshing native plugins compatible for Editor in 0.61 ms, found 1 plugins.
Preloading 0 native plugins for Editor in 0.00 ms.
Mono: successfully reloaded assembly
- Completed reload, in  1.742 seconds
Platform modules already initialized, skipping
Refreshing native plugins compatible for Editor in 0.69 ms, found 1 plugins.
Preloading 0 native plugins for Editor in 0.00 ms.
Unloading 2661 Unused Serialized files (Serialized files now loaded: 0)
System memory in use before: 176.7 MB.
System memory in use after: 176.8 MB.

Unloading 10 unused Assets to reduce memory usage. Loaded Objects now: 3160.
Total: 3.588561 ms (FindLiveObjects: 0.392576 ms CreateObjectMapping: 0.315956 ms MarkObjects: 2.808742 ms  DeleteObjects: 0.069444 ms)

========================================================================
Received Prepare
Registering precompiled user dll's ...
Registered in 0.003537 seconds.
Begin MonoManager ReloadAssembly
Native extension for OSXStandalone target not found
Native extension for WebGL target not found
Refreshing native plugins compatible for Editor in 0.62 ms, found 1 plugins.
Preloading 0 native plugins for Editor in 0.00 ms.
Mono: successfully reloaded assembly
- Completed reload, in  1.867 seconds
Platform modules already initialized, skipping
Refreshing native plugins compatible for Editor in 0.64 ms, found 1 plugins.
Preloading 0 native plugins for Editor in 0.00 ms.
Unloading 2661 Unused Serialized files (Serialized files now loaded: 0)
System memory in use before: 176.8 MB.
System memory in use after: 177.0 MB.

Unloading 10 unused Assets to reduce memory usage. Loaded Objects now: 3163.
Total: 3.674097 ms (FindLiveObjects: 0.473804 ms CreateObjectMapping: 0.295454 ms MarkObjects: 2.818260 ms  DeleteObjects: 0.083876 ms)

========================================================================
Received Prepare
Registering precompiled user dll's ...
Registered in 0.002172 seconds.
Begin MonoManager ReloadAssembly
Native extension for OSXStandalone target not found
Native extension for WebGL target not found
Refreshing native plugins compatible for Editor in 0.62 ms, found 1 plugins.
Preloading 0 native plugins for Editor in 0.00 ms.
Mono: successfully reloaded assembly
- Completed reload, in  1.708 seconds
Platform modules already initialized, skipping
Refreshing native plugins compatible for Editor in 0.64 ms, found 1 plugins.
Preloading 0 native plugins for Editor in 0.00 ms.
Unloading 2661 Unused Serialized files (Serialized files now loaded: 0)
System memory in use before: 177.0 MB.
System memory in use after: 177.2 MB.

Unloading 10 unused Assets to reduce memory usage. Loaded Objects now: 3166.
Total: 3.434053 ms (FindLiveObjects: 0.389929 ms CreateObjectMapping: 0.298834 ms MarkObjects: 2.675373 ms  DeleteObjects: 0.068237 ms)

========================================================================
Received Prepare
Registering precompiled user dll's ...
Registered in 0.002766 seconds.
Begin MonoManager ReloadAssembly
Native extension for OSXStandalone target not found
Native extension for WebGL target not found
Refreshing native plugins compatible for Editor in 0.65 ms, found 1 plugins.
Preloading 0 native plugins for Editor in 0.00 ms.
Mono: successfully reloaded assembly
- Completed reload, in  1.816 seconds
Platform modules already initialized, skipping
Refreshing native plugins compatible for Editor in 0.66 ms, found 1 plugins.
Preloading 0 native plugins for Editor in 0.00 ms.
Unloading 2661 Unused Serialized files (Serialized files now loaded: 0)
System memory in use before: 177.2 MB.
System memory in use after: 177.4 MB.

Unloading 10 unused Assets to reduce memory usage. Loaded Objects now: 3169.
Total: 3.324673 ms (FindLiveObjects: 0.472229 ms CreateObjectMapping: 0.289698 ms MarkObjects: 2.491899 ms  DeleteObjects: 0.068667 ms)

========================================================================
Received Prepare
Registering precompiled user dll's ...
Registered in 0.002240 seconds.
Begin MonoManager ReloadAssembly
Native extension for OSXStandalone target not found
Native extension for WebGL target not found
Refreshing native plugins compatible for Editor in 0.57 ms, found 1 plugins.
Preloading 0 native plugins for Editor in 0.00 ms.
Mono: successfully reloaded assembly
- Completed reload, in  1.696 seconds
Platform modules already initialized, skipping
Refreshing native plugins compatible for Editor in 0.64 ms, found 1 plugins.
Preloading 0 native plugins for Editor in 0.00 ms.
Unloading 2661 Unused Serialized files (Serialized files now loaded: 0)
System memory in use before: 177.3 MB.
System memory in use after: 177.5 MB.

Unloading 10 unused Assets to reduce memory usage. Loaded Objects now: 3172.
Total: 3.370406 ms (FindLiveObjects: 0.336688 ms CreateObjectMapping: 0.196690 ms MarkObjects: 2.764694 ms  DeleteObjects: 0.070700 ms)

========================================================================
Received Prepare
Registering precompiled user dll's ...
Registered in 0.002585 seconds.
Begin MonoManager ReloadAssembly
Native extension for OSXStandalone target not found
Native extension for WebGL target not found
Refreshing native plugins compatible for Editor in 0.62 ms, found 1 plugins.
Preloading 0 native plugins for Editor in 0.00 ms.
Mono: successfully reloaded assembly
- Completed reload, in  1.689 seconds
Platform modules already initialized, skipping
Refreshing native plugins compatible for Editor in 0.86 ms, found 1 plugins.
Preloading 0 native plugins for Editor in 0.00 ms.
Unloading 2661 Unused Serialized files (Serialized files now loaded: 0)
System memory in use before: 177.5 MB.
System memory in use after: 177.7 MB.

Unloading 10 unused Assets to reduce memory usage. Loaded Objects now: 3175.
Total: 3.343826 ms (FindLiveObjects: 0.332077 ms CreateObjectMapping: 0.262844 ms MarkObjects: 2.685557 ms  DeleteObjects: 0.061748 ms)

========================================================================
Received Prepare
Registering precompiled user dll's ...
Registered in 0.002588 seconds.
Begin MonoManager ReloadAssembly
Native extension for OSXStandalone target not found
Native extension for WebGL target not found
Refreshing native plugins compatible for Editor in 0.61 ms, found 1 plugins.
Preloading 0 native plugins for Editor in 0.00 ms.
Mono: successfully reloaded assembly
- Completed reload, in  1.700 seconds
Platform modules already initialized, skipping
Refreshing native plugins compatible for Editor in 1.10 ms, found 1 plugins.
Preloading 0 native plugins for Editor in 0.00 ms.
Unloading 2662 Unused Serialized files (Serialized files now loaded: 0)
System memory in use before: 177.7 MB.
System memory in use after: 177.9 MB.

Unloading 10 unused Assets to reduce memory usage. Loaded Objects now: 3179.
Total: 3.705726 ms (FindLiveObjects: 0.521871 ms CreateObjectMapping: 0.327356 ms MarkObjects: 2.783740 ms  DeleteObjects: 0.070855 ms)

========================================================================
Received Prepare
Registering precompiled user dll's ...
Registered in 0.002598 seconds.
Begin MonoManager ReloadAssembly
Native extension for OSXStandalone target not found
Native extension for WebGL target not found
Refreshing native plugins compatible for Editor in 0.79 ms, found 1 plugins.
Preloading 0 native plugins for Editor in 0.00 ms.
Mono: successfully reloaded assembly
- Completed reload, in  1.784 seconds
Platform modules already initialized, skipping
Refreshing native plugins compatible for Editor in 0.65 ms, found 1 plugins.
Preloading 0 native plugins for Editor in 0.00 ms.
Unloading 2662 Unused Serialized files (Serialized files now loaded: 0)
System memory in use before: 177.9 MB.
System memory in use after: 178.1 MB.

Unloading 10 unused Assets to reduce memory usage. Loaded Objects now: 3182.
Total: 3.902890 ms (FindLiveObjects: 0.620517 ms CreateObjectMapping: 0.327565 ms MarkObjects: 2.875014 ms  DeleteObjects: 0.076484 ms)

========================================================================
Received Prepare
Registering precompiled user dll's ...
Registered in 0.002149 seconds.
Begin MonoManager ReloadAssembly
Native extension for OSXStandalone target not found
Native extension for WebGL target not found
Refreshing native plugins compatible for Editor in 0.62 ms, found 1 plugins.
Preloading 0 native plugins for Editor in 0.00 ms.
Mono: successfully reloaded assembly
- Completed reload, in  1.705 seconds
Platform modules already initialized, skipping
Refreshing native plugins compatible for Editor in 0.81 ms, found 1 plugins.
Preloading 0 native plugins for Editor in 0.00 ms.
Unloading 2662 Unused Serialized files (Serialized files now loaded: 0)
System memory in use before: 178.1 MB.
System memory in use after: 178.3 MB.

Unloading 10 unused Assets to reduce memory usage. Loaded Objects now: 3185.
Total: 3.600052 ms (FindLiveObjects: 0.431223 ms CreateObjectMapping: 0.290663 ms MarkObjects: 2.807945 ms  DeleteObjects: 0.068205 ms)

========================================================================
Received Import Request.
  Time since last request: 18676.828204 seconds.
  path: Assets/LightScript.cs
  artifactKey: Guid(d78a31f74701f40469582d730685a595) Importer(815301076,1909f56bfc062723c751e8b465ee728b)
Start importing Assets/LightScript.cs using Guid(d78a31f74701f40469582d730685a595) Importer(815301076,1909f56bfc062723c751e8b465ee728b)  -> (artifact id: 'faead1a525310c49104472a0c603bc45') in 0.014009 seconds 
========================================================================
Received Import Request.
  Time since last request: 93.177648 seconds.
  path: Assets/LightScript.cs
  artifactKey: Guid(d78a31f74701f40469582d730685a595) Importer(815301076,1909f56bfc062723c751e8b465ee728b)
Start importing Assets/LightScript.cs using Guid(d78a31f74701f40469582d730685a595) Importer(815301076,1909f56bfc062723c751e8b465ee728b)  -> (artifact id: '5f951f458fcc9d41cac1435106c489c3') in 0.002718 seconds 
========================================================================
Received Prepare
Registering precompiled user dll's ...
Registered in 0.002395 seconds.
Begin MonoManager ReloadAssembly
Native extension for OSXStandalone target not found
Native extension for WebGL target not found
Refreshing native plugins compatible for Editor in 0.61 ms, found 1 plugins.
Preloading 0 native plugins for Editor in 0.00 ms.
Mono: successfully reloaded assembly
- Completed reload, in  1.671 seconds
Platform modules already initialized, skipping
Refreshing native plugins compatible for Editor in 0.73 ms, found 1 plugins.
Preloading 0 native plugins for Editor in 0.00 ms.
Unloading 2662 Unused Serialized files (Serialized files now loaded: 0)
System memory in use before: 178.3 MB.
System memory in use after: 178.5 MB.

Unloading 10 unused Assets to reduce memory usage. Loaded Objects now: 3188.
Total: 5.951378 ms (FindLiveObjects: 0.638397 ms CreateObjectMapping: 0.465112 ms MarkObjects: 4.718687 ms  DeleteObjects: 0.126114 ms)

========================================================================
Received Import Request.
  Time since last request: 17.692314 seconds.
  path: Assets/OnOffSwitch.cs
  artifactKey: Guid(2d9c1d750c8284fdd97c0badce2aa8fb) Importer(815301076,1909f56bfc062723c751e8b465ee728b)
Start importing Assets/OnOffSwitch.cs using Guid(2d9c1d750c8284fdd97c0badce2aa8fb) Importer(815301076,1909f56bfc062723c751e8b465ee728b)  -> (artifact id: 'cdaf5c4c6f34cc25adc1b55212cfeb30') in 0.008430 seconds 
========================================================================
Received Prepare
Registering precompiled user dll's ...
Registered in 0.003130 seconds.
Begin MonoManager ReloadAssembly
Native extension for OSXStandalone target not found
Native extension for WebGL target not found
Refreshing native plugins compatible for Editor in 0.85 ms, found 1 plugins.
Preloading 0 native plugins for Editor in 0.00 ms.
Mono: successfully reloaded assembly
- Completed reload, in  1.866 seconds
Platform modules already initialized, skipping
Refreshing native plugins compatible for Editor in 0.68 ms, found 1 plugins.
Preloading 0 native plugins for Editor in 0.00 ms.
Unloading 2662 Unused Serialized files (Serialized files now loaded: 0)
System memory in use before: 178.4 MB.
System memory in use after: 178.6 MB.

Unloading 10 unused Assets to reduce memory usage. Loaded Objects now: 3191.
Total: 3.222811 ms (FindLiveObjects: 0.370049 ms CreateObjectMapping: 0.265267 ms MarkObjects: 2.506863 ms  DeleteObjects: 0.078630 ms)

========================================================================
Received Prepare
Registering precompiled user dll's ...
Registered in 0.002510 seconds.
Begin MonoManager ReloadAssembly
Native extension for OSXStandalone target not found
Native extension for WebGL target not found
Refreshing native plugins compatible for Editor in 0.59 ms, found 1 plugins.
Preloading 0 native plugins for Editor in 0.00 ms.
Mono: successfully reloaded assembly
- Completed reload, in  1.658 seconds
Platform modules already initialized, skipping
Refreshing native plugins compatible for Editor in 0.65 ms, found 1 plugins.
Preloading 0 native plugins for Editor in 0.00 ms.
Unloading 2662 Unused Serialized files (Serialized files now loaded: 0)
System memory in use before: 178.6 MB.
System memory in use after: 178.8 MB.

Unloading 10 unused Assets to reduce memory usage. Loaded Objects now: 3194.
Total: 3.419210 ms (FindLiveObjects: 0.348486 ms CreateObjectMapping: 0.278244 ms MarkObjects: 2.721978 ms  DeleteObjects: 0.068855 ms)

========================================================================
Received Import Request.
  Time since last request: 350.441606 seconds.
  path: Assets/LightScript.cs
  artifactKey: Guid(d78a31f74701f40469582d730685a595) Importer(815301076,1909f56bfc062723c751e8b465ee728b)
Start importing Assets/LightScript.cs using Guid(d78a31f74701f40469582d730685a595) Importer(815301076,1909f56bfc062723c751e8b465ee728b)  -> (artifact id: '9306ed7fa45cf12767760dfe17e2af8c') in 0.007722 seconds 
========================================================================
Received Prepare
Registering precompiled user dll's ...
Registered in 0.003901 seconds.
Begin MonoManager ReloadAssembly
Native extension for OSXStandalone target not found
Native extension for WebGL target not found
Refreshing native plugins compatible for Editor in 0.75 ms, found 1 plugins.
Preloading 0 native plugins for Editor in 0.00 ms.
Mono: successfully reloaded assembly
- Completed reload, in  1.811 seconds
Platform modules already initialized, skipping
Refreshing native plugins compatible for Editor in 0.66 ms, found 1 plugins.
Preloading 0 native plugins for Editor in 0.00 ms.
Unloading 2662 Unused Serialized files (Serialized files now loaded: 0)
System memory in use before: 178.8 MB.
System memory in use after: 179.0 MB.

Unloading 10 unused Assets to reduce memory usage. Loaded Objects now: 3197.
Total: 3.117249 ms (FindLiveObjects: 0.354755 ms CreateObjectMapping: 0.262603 ms MarkObjects: 2.433617 ms  DeleteObjects: 0.064794 ms)

========================================================================
Received Import Request.
  Time since last request: 63.094576 seconds.
  path: Assets/LightScript.cs
  artifactKey: Guid(d78a31f74701f40469582d730685a595) Importer(815301076,1909f56bfc062723c751e8b465ee728b)
Start importing Assets/LightScript.cs using Guid(d78a31f74701f40469582d730685a595) Importer(815301076,1909f56bfc062723c751e8b465ee728b)  -> (artifact id: 'f2c2825cfbe8943c9357b81205e09508') in 0.007276 seconds 
========================================================================
Received Prepare
Registering precompiled user dll's ...
Registered in 0.002071 seconds.
Begin MonoManager ReloadAssembly
Native extension for OSXStandalone target not found
Native extension for WebGL target not found
Refreshing native plugins compatible for Editor in 0.73 ms, found 1 plugins.
Preloading 0 native plugins for Editor in 0.00 ms.
Mono: successfully reloaded assembly
- Completed reload, in  1.668 seconds
Platform modules already initialized, skipping
Refreshing native plugins compatible for Editor in 0.64 ms, found 1 plugins.
Preloading 0 native plugins for Editor in 0.00 ms.
Unloading 2662 Unused Serialized files (Serialized files now loaded: 0)
System memory in use before: 178.9 MB.
System memory in use after: 179.1 MB.

Unloading 10 unused Assets to reduce memory usage. Loaded Objects now: 3200.
Total: 4.191392 ms (FindLiveObjects: 0.687666 ms CreateObjectMapping: 0.267190 ms MarkObjects: 3.154183 ms  DeleteObjects: 0.080169 ms)

========================================================================
Received Prepare
Registering precompiled user dll's ...
Registered in 0.002894 seconds.
Begin MonoManager ReloadAssembly
Native extension for OSXStandalone target not found
Native extension for WebGL target not found
Refreshing native plugins compatible for Editor in 0.64 ms, found 1 plugins.
Preloading 0 native plugins for Editor in 0.00 ms.
Mono: successfully reloaded assembly
- Completed reload, in  1.835 seconds
Platform modules already initialized, skipping
Refreshing native plugins compatible for Editor in 0.70 ms, found 1 plugins.
Preloading 0 native plugins for Editor in 0.00 ms.
Unloading 2662 Unused Serialized files (Serialized files now loaded: 0)
System memory in use before: 179.1 MB.
System memory in use after: 179.3 MB.

Unloading 10 unused Assets to reduce memory usage. Loaded Objects now: 3203.
Total: 3.208603 ms (FindLiveObjects: 0.349910 ms CreateObjectMapping: 0.341408 ms MarkObjects: 2.446076 ms  DeleteObjects: 0.069378 ms)

========================================================================
Received Import Request.
  Time since last request: 101.348589 seconds.
  path: Assets/LightScript.cs
  artifactKey: Guid(d78a31f74701f40469582d730685a595) Importer(815301076,1909f56bfc062723c751e8b465ee728b)
Start importing Assets/LightScript.cs using Guid(d78a31f74701f40469582d730685a595) Importer(815301076,1909f56bfc062723c751e8b465ee728b)  -> (artifact id: '9146be1f5c69888b0afdc181d84d0263') in 0.006954 seconds 
========================================================================
Received Prepare
Registering precompiled user dll's ...
Registered in 0.002166 seconds.
Begin MonoManager ReloadAssembly
Native extension for OSXStandalone target not found
Native extension for WebGL target not found
Refreshing native plugins compatible for Editor in 0.72 ms, found 1 plugins.
Preloading 0 native plugins for Editor in 0.00 ms.
Mono: successfully reloaded assembly
- Completed reload, in  1.677 seconds
Platform modules already initialized, skipping
Refreshing native plugins compatible for Editor in 0.64 ms, found 1 plugins.
Preloading 0 native plugins for Editor in 0.00 ms.
Unloading 2662 Unused Serialized files (Serialized files now loaded: 0)
System memory in use before: 179.3 MB.
System memory in use after: 179.5 MB.

Unloading 10 unused Assets to reduce memory usage. Loaded Objects now: 3206.
Total: 3.480807 ms (FindLiveObjects: 0.399122 ms CreateObjectMapping: 0.272441 ms MarkObjects: 2.740687 ms  DeleteObjects: 0.066973 ms)

========================================================================
Received Prepare
Registering precompiled user dll's ...
Registered in 0.002042 seconds.
Begin MonoManager ReloadAssembly
Native extension for OSXStandalone target not found
Native extension for WebGL target not found
Refreshing native plugins compatible for Editor in 0.61 ms, found 1 plugins.
Preloading 0 native plugins for Editor in 0.00 ms.
Mono: successfully reloaded assembly
- Completed reload, in  1.696 seconds
Platform modules already initialized, skipping
Refreshing native plugins compatible for Editor in 0.69 ms, found 1 plugins.
Preloading 0 native plugins for Editor in 0.00 ms.
Unloading 2662 Unused Serialized files (Serialized files now loaded: 0)
System memory in use before: 179.5 MB.
System memory in use after: 179.7 MB.

Unloading 10 unused Assets to reduce memory usage. Loaded Objects now: 3209.
Total: 3.132192 ms (FindLiveObjects: 0.335329 ms CreateObjectMapping: 0.256786 ms MarkObjects: 2.475044 ms  DeleteObjects: 0.063612 ms)

========================================================================
Received Import Request.
  Time since last request: 203.888705 seconds.
  path: Assets/LightScript.cs
  artifactKey: Guid(d78a31f74701f40469582d730685a595) Importer(815301076,1909f56bfc062723c751e8b465ee728b)
Start importing Assets/LightScript.cs using Guid(d78a31f74701f40469582d730685a595) Importer(815301076,1909f56bfc062723c751e8b465ee728b)  -> (artifact id: '6f77f7990552f739c9329a569a2b8eb2') in 0.009424 seconds 
========================================================================
Received Prepare
Registering precompiled user dll's ...
Registered in 0.003019 seconds.
Begin MonoManager ReloadAssembly
Native extension for OSXStandalone target not found
Native extension for WebGL target not found
Refreshing native plugins compatible for Editor in 0.64 ms, found 1 plugins.
Preloading 0 native plugins for Editor in 0.00 ms.
Mono: successfully reloaded assembly
- Completed reload, in  1.750 seconds
Platform modules already initialized, skipping
Refreshing native plugins compatible for Editor in 0.63 ms, found 1 plugins.
Preloading 0 native plugins for Editor in 0.00 ms.
Unloading 2662 Unused Serialized files (Serialized files now loaded: 0)
System memory in use before: 179.7 MB.
System memory in use after: 179.9 MB.

Unloading 10 unused Assets to reduce memory usage. Loaded Objects now: 3212.
Total: 3.386825 ms (FindLiveObjects: 0.348362 ms CreateObjectMapping: 0.263441 ms MarkObjects: 2.692757 ms  DeleteObjects: 0.080731 ms)

========================================================================
Received Prepare
Registering precompiled user dll's ...
Registered in 0.002706 seconds.
Begin MonoManager ReloadAssembly
Native extension for OSXStandalone target not found
Native extension for WebGL target not found
Refreshing native plugins compatible for Editor in 0.63 ms, found 1 plugins.
Preloading 0 native plugins for Editor in 0.00 ms.
Mono: successfully reloaded assembly
- Completed reload, in  1.946 seconds
Platform modules already initialized, skipping
Refreshing native plugins compatible for Editor in 0.62 ms, found 1 plugins.
Preloading 0 native plugins for Editor in 0.00 ms.
Unloading 2662 Unused Serialized files (Serialized files now loaded: 0)
System memory in use before: 179.8 MB.
System memory in use after: 180.0 MB.

Unloading 10 unused Assets to reduce memory usage. Loaded Objects now: 3215.
Total: 3.139091 ms (FindLiveObjects: 0.297524 ms CreateObjectMapping: 0.197672 ms MarkObjects: 2.575642 ms  DeleteObjects: 0.066380 ms)

========================================================================
Received Import Request.
  Time since last request: 210.027721 seconds.
  path: Assets/LightScript.cs
  artifactKey: Guid(d78a31f74701f40469582d730685a595) Importer(815301076,1909f56bfc062723c751e8b465ee728b)
Start importing Assets/LightScript.cs using Guid(d78a31f74701f40469582d730685a595) Importer(815301076,1909f56bfc062723c751e8b465ee728b)  -> (artifact id: '4c6361a974e16f5a028c0d036f1f501b') in 0.006746 seconds 
========================================================================
Received Prepare
Registering precompiled user dll's ...
Registered in 0.002410 seconds.
Begin MonoManager ReloadAssembly
Native extension for OSXStandalone target not found
Native extension for WebGL target not found
Refreshing native plugins compatible for Editor in 0.64 ms, found 1 plugins.
Preloading 0 native plugins for Editor in 0.00 ms.
Mono: successfully reloaded assembly
- Completed reload, in  1.720 seconds
Platform modules already initialized, skipping
Refreshing native plugins compatible for Editor in 0.79 ms, found 1 plugins.
Preloading 0 native plugins for Editor in 0.00 ms.
Unloading 2662 Unused Serialized files (Serialized files now loaded: 0)
System memory in use before: 180.0 MB.
System memory in use after: 180.2 MB.

Unloading 10 unused Assets to reduce memory usage. Loaded Objects now: 3218.
Total: 4.246362 ms (FindLiveObjects: 0.484532 ms CreateObjectMapping: 0.313240 ms MarkObjects: 3.335629 ms  DeleteObjects: 0.110738 ms)

